{"/Users/ren/Documents/CS/csb340/UnitTestJest/my-app/src/components/TodoListManager.tsx": {"path":"/Users/ren/Documents/CS/csb340/UnitTestJest/my-app/src/components/TodoListManager.tsx","statementMap":{"0":{"start":{"line":9,"column":24},"end":{"line":51,"column":1}},"1":{"start":{"line":10,"column":26},"end":{"line":10,"column":46}},"2":{"start":{"line":11,"column":28},"end":{"line":11,"column":52}},"3":{"start":{"line":13,"column":18},"end":{"line":18,"column":3}},"4":{"start":{"line":14,"column":4},"end":{"line":17,"column":5}},"5":{"start":{"line":15,"column":6},"end":{"line":15,"column":72}},"6":{"start":{"line":16,"column":6},"end":{"line":16,"column":18}},"7":{"start":{"line":20,"column":21},"end":{"line":22,"column":3}},"8":{"start":{"line":21,"column":4},"end":{"line":21,"column":55}},"9":{"start":{"line":21,"column":36},"end":{"line":21,"column":52}},"10":{"start":{"line":24,"column":47},"end":{"line":33,"column":3}},"11":{"start":{"line":25,"column":4},"end":{"line":32,"column":11}},"12":{"start":{"line":29,"column":23},"end":{"line":29,"column":43}},"13":{"start":{"line":35,"column":2},"end":{"line":50,"column":4}},"14":{"start":{"line":40,"column":32},"end":{"line":40,"column":45}},"15":{"start":{"line":46,"column":32},"end":{"line":46,"column":40}}},"fnMap":{"0":{"name":"(anonymous_0)","decl":{"start":{"line":9,"column":24},"end":{"line":9,"column":25}},"loc":{"start":{"line":9,"column":30},"end":{"line":51,"column":1}},"line":9},"1":{"name":"(anonymous_1)","decl":{"start":{"line":13,"column":18},"end":{"line":13,"column":19}},"loc":{"start":{"line":13,"column":24},"end":{"line":18,"column":3}},"line":13},"2":{"name":"(anonymous_2)","decl":{"start":{"line":20,"column":21},"end":{"line":20,"column":22}},"loc":{"start":{"line":20,"column":38},"end":{"line":22,"column":3}},"line":20},"3":{"name":"(anonymous_3)","decl":{"start":{"line":21,"column":26},"end":{"line":21,"column":27}},"loc":{"start":{"line":21,"column":36},"end":{"line":21,"column":52}},"line":21},"4":{"name":"(anonymous_4)","decl":{"start":{"line":24,"column":47},"end":{"line":24,"column":48}},"loc":{"start":{"line":25,"column":4},"end":{"line":32,"column":11}},"line":25},"5":{"name":"(anonymous_5)","decl":{"start":{"line":29,"column":17},"end":{"line":29,"column":18}},"loc":{"start":{"line":29,"column":23},"end":{"line":29,"column":43}},"line":29},"6":{"name":"(anonymous_6)","decl":{"start":{"line":40,"column":22},"end":{"line":40,"column":23}},"loc":{"start":{"line":40,"column":32},"end":{"line":40,"column":45}},"line":40},"7":{"name":"(anonymous_7)","decl":{"start":{"line":46,"column":22},"end":{"line":46,"column":23}},"loc":{"start":{"line":46,"column":32},"end":{"line":46,"column":40}},"line":46}},"branchMap":{"0":{"loc":{"start":{"line":14,"column":4},"end":{"line":17,"column":5}},"type":"if","locations":[{"start":{"line":14,"column":4},"end":{"line":17,"column":5}},{"start":{},"end":{}}],"line":14}},"s":{"0":1,"1":8,"2":8,"3":8,"4":2,"5":2,"6":2,"7":8,"8":1,"9":1,"10":8,"11":2,"12":1,"13":8,"14":2,"15":4},"f":{"0":8,"1":2,"2":1,"3":1,"4":2,"5":1,"6":2,"7":4},"b":{"0":[2,0]},"_coverageSchema":"1a1c01bbd47fc00a2c39e90264f33305004495a9","hash":"e492f8bf7358c3fbf48c8e564bd9192340924a39"}
}
