TN:
SF:src/components/TodoListManager.tsx
FN:9,(anonymous_0)
FN:13,(anonymous_1)
FN:20,(anonymous_2)
FN:21,(anonymous_3)
FN:24,(anonymous_4)
FN:29,(anonymous_5)
FN:40,(anonymous_6)
FN:46,(anonymous_7)
FNF:8
FNH:8
FNDA:8,(anonymous_0)
FNDA:2,(anonymous_1)
FNDA:1,(anonymous_2)
FNDA:1,(anonymous_3)
FNDA:2,(anonymous_4)
FNDA:1,(anonymous_5)
FNDA:2,(anonymous_6)
FNDA:4,(anonymous_7)
DA:9,1
DA:10,8
DA:11,8
DA:13,8
DA:14,2
DA:15,2
DA:16,2
DA:20,8
DA:21,1
DA:24,8
DA:25,2
DA:29,1
DA:35,8
DA:40,2
DA:46,4
LF:15
LH:15
BRDA:14,0,0,2
BRDA:14,0,1,0
BRF:2
BRH:1
end_of_record
